<?xml version="1.0" encoding="UTF-8"?>
<robot generator="Robot 6.0.2 (Python 3.9.13 on win32)" generated="20230604 23:08:44.900" rpa="false" schemaversion="3">
<suite id="s1" name="Training Robot" source="C:\Users\nache\PycharmProjects\training_robot">
<suite id="s1-s1" name="Tests" source="C:\Users\nache\PycharmProjects\training_robot\tests">
<suite id="s1-s1-s1" name="Login" source="C:\Users\nache\PycharmProjects\training_robot\tests\login">
<suite id="s1-s1-s1-s1" name="Tc01 User Login" source="C:\Users\nache\PycharmProjects\training_robot\tests\login\tc01_user_login.robot">
<test id="s1-s1-s1-s1-t1" name="Do a POST user login to get token" line="14">
<kw name="Do a POST user login" library="common_post">
<var>${response}</var>
<arg>${tc_username}</arg>
<arg>${tc_password}</arg>
<kw name="Create Dictionary" library="BuiltIn">
<var>${body}</var>
<arg>username=${tc_username}</arg>
<arg>password=${tc_password}</arg>
<doc>Creates and returns a dictionary based on the given ``items``.</doc>
<msg timestamp="20230604 23:08:45.064" level="INFO">${body} = {'username': 'mor_2314', 'password': '83r5^_'}</msg>
<status status="PASS" starttime="20230604 23:08:45.064" endtime="20230604 23:08:45.064"/>
</kw>
<kw name="POST" library="RequestsLibrary">
<var>${response}</var>
<arg>url=${base_url_login}</arg>
<arg>json=${body}</arg>
<doc>Sends a POST request.</doc>
<msg timestamp="20230604 23:08:45.600" level="INFO">POST Request : url=https://fakestoreapi.com/auth/login 
 path_url=/auth/login 
 headers={'User-Agent': 'python-requests/2.30.0', 'Accept-Encoding': 'gzip, deflate', 'Accept': '*/*', 'Connection': 'keep-alive', 'Content-Length': '46', 'Content-Type': 'application/json'} 
 body=b'{"username": "mor_2314", "password": "83r5^_"}' 
 </msg>
<msg timestamp="20230604 23:08:45.600" level="INFO">POST Response : url=https://fakestoreapi.com/auth/login 
 status=200, reason=OK 
 headers={'Date': 'Sun, 04 Jun 2023 20:08:48 GMT', 'Content-Type': 'application/json; charset=utf-8', 'Transfer-Encoding': 'chunked', 'Connection': 'keep-alive', 'Access-Control-Allow-Origin': '*', 'Etag': 'W/"98-apRTVyy8qGEE58bjQhuwNewZx4M"', 'X-Powered-By': 'Express', 'CF-Cache-Status': 'DYNAMIC', 'Report-To': '{"endpoints":[{"url":"https:\\/\\/a.nel.cloudflare.com\\/report\\/v3?s=%2FiOS3Jesmsza76GsRUcB7SlsDo9lFgV2ihtJFoNJJnmLWjQFIh%2F7fgSqFEEIChpPjM%2Bc1EaRdsIMiCR4Vvn5dpHQ8ba3mtS7RRs1H%2BamBXN8wjp7Ew4DfktRgtzF1Gwl5Yca"}],"group":"cf-nel","max_age":604800}', 'NEL': '{"success_fraction":0,"report_to":"cf-nel","max_age":604800}', 'Server': 'cloudflare', 'CF-RAY': '7d22cf546edd3135-SOF', 'Content-Encoding': 'gzip', 'alt-svc': 'h3=":443"; ma=86400'} 
 body={"token":"eyJhbGciOiJIUzI1NiIsInR5cCI6IkpXVCJ9.eyJzdWIiOjIsInVzZXIiOiJtb3JfMjMxNCIsImlhdCI6MTY4NTkwOTMyOH0.MDrVvrMi8SuMLdCqQM5LeRQBhGJhzpiCgVRxqpPgAgs"} 
 </msg>
<msg timestamp="20230604 23:08:45.601" level="INFO">${response} = &lt;Response [200]&gt;</msg>
<status status="PASS" starttime="20230604 23:08:45.064" endtime="20230604 23:08:45.601"/>
</kw>
<kw name="Log" library="BuiltIn">
<arg>${response.json()}</arg>
<doc>Logs the given message with the given level.</doc>
<msg timestamp="20230604 23:08:45.603" level="INFO">{'token': 'eyJhbGciOiJIUzI1NiIsInR5cCI6IkpXVCJ9.eyJzdWIiOjIsInVzZXIiOiJtb3JfMjMxNCIsImlhdCI6MTY4NTkwOTMyOH0.MDrVvrMi8SuMLdCqQM5LeRQBhGJhzpiCgVRxqpPgAgs'}</msg>
<status status="PASS" starttime="20230604 23:08:45.601" endtime="20230604 23:08:45.603"/>
</kw>
<msg timestamp="20230604 23:08:45.603" level="INFO">${response} = &lt;Response [200]&gt;</msg>
<status status="PASS" starttime="20230604 23:08:45.063" endtime="20230604 23:08:45.603"/>
</kw>
<kw name="Check status as 200" library="common_post">
<arg>${response}</arg>
<kw name="Status Should Be" library="RequestsLibrary">
<arg>200</arg>
<arg>${response}</arg>
<doc>Fails if response status code is different than the expected.</doc>
<status status="PASS" starttime="20230604 23:08:45.605" endtime="20230604 23:08:45.605"/>
</kw>
<status status="PASS" starttime="20230604 23:08:45.605" endtime="20230604 23:08:45.605"/>
</kw>
<kw name="Check for token" library="common_post">
<arg>${response}</arg>
<kw name="Log" library="BuiltIn">
<arg>${response.json()}</arg>
<doc>Logs the given message with the given level.</doc>
<msg timestamp="20230604 23:08:45.606" level="INFO">{'token': 'eyJhbGciOiJIUzI1NiIsInR5cCI6IkpXVCJ9.eyJzdWIiOjIsInVzZXIiOiJtb3JfMjMxNCIsImlhdCI6MTY4NTkwOTMyOH0.MDrVvrMi8SuMLdCqQM5LeRQBhGJhzpiCgVRxqpPgAgs'}</msg>
<status status="PASS" starttime="20230604 23:08:45.606" endtime="20230604 23:08:45.606"/>
</kw>
<kw name="Convert To String" library="BuiltIn">
<var>${body}</var>
<arg>${response.content}</arg>
<doc>Converts the given item to a Unicode string.</doc>
<msg timestamp="20230604 23:08:45.607" level="INFO">${body} = {"token":"eyJhbGciOiJIUzI1NiIsInR5cCI6IkpXVCJ9.eyJzdWIiOjIsInVzZXIiOiJtb3JfMjMxNCIsImlhdCI6MTY4NTkwOTMyOH0.MDrVvrMi8SuMLdCqQM5LeRQBhGJhzpiCgVRxqpPgAgs"}</msg>
<status status="PASS" starttime="20230604 23:08:45.606" endtime="20230604 23:08:45.607"/>
</kw>
<kw name="Should Contain" library="BuiltIn">
<arg>${body}</arg>
<arg>token</arg>
<doc>Fails if ``container`` does not contain ``item`` one or more times.</doc>
<status status="PASS" starttime="20230604 23:08:45.607" endtime="20230604 23:08:45.607"/>
</kw>
<status status="PASS" starttime="20230604 23:08:45.605" endtime="20230604 23:08:45.607"/>
</kw>
<doc>Run the "auth/login" request to fetch to token.
Keywords located in ../../resources/common_post.resource</doc>
<tag>login</tag>
<status status="PASS" starttime="20230604 23:08:45.063" endtime="20230604 23:08:45.608"/>
</test>
<status status="PASS" starttime="20230604 23:08:44.925" endtime="20230604 23:08:45.609"/>
</suite>
<status status="PASS" starttime="20230604 23:08:44.923" endtime="20230604 23:08:45.610"/>
</suite>
<suite id="s1-s1-s2" name="Products" source="C:\Users\nache\PycharmProjects\training_robot\tests\products">
<suite id="s1-s1-s2-s1" name="Tc01 Get All Products" source="C:\Users\nache\PycharmProjects\training_robot\tests\products\tc01_get_all_products.robot">
<test id="s1-s1-s2-s1-t1" name="Do a GET all products request" line="13">
<kw name="Create session to the Web Service" library="common_get">
<kw name="Create Session" library="RequestsLibrary">
<arg>fakeshop_session</arg>
<arg>${base_url}</arg>
<arg>verify=true</arg>
<doc>Create Session: create a HTTP session to a server</doc>
<msg timestamp="20230604 23:08:45.624" level="INFO">Creating Session using : alias=fakeshop_session, url=https://fakestoreapi.com, headers={},                     cookies={}, auth=None, timeout=None, proxies=None, verify=True,                     debug=0 </msg>
<status status="PASS" starttime="20230604 23:08:45.624" endtime="20230604 23:08:45.624"/>
</kw>
<status status="PASS" starttime="20230604 23:08:45.624" endtime="20230604 23:08:45.624"/>
</kw>
<kw name="Do GET request on all products" library="common_get">
<var>${response}</var>
<arg>${tc_path}</arg>
<kw name="GET On Session" library="RequestsLibrary">
<arg>fakeshop_session</arg>
<arg>${tc_path}</arg>
<doc>Sends a GET request on a previously created HTTP Session.</doc>
<msg timestamp="20230604 23:08:45.906" level="INFO">GET Request : url=https://fakestoreapi.com/products 
 path_url=/products 
 headers={'User-Agent': 'python-requests/2.30.0', 'Accept-Encoding': 'gzip, deflate', 'Accept': '*/*', 'Connection': 'keep-alive'} 
 body=None 
 </msg>
<msg timestamp="20230604 23:08:45.906" level="INFO">GET Response : url=https://fakestoreapi.com/products 
 status=200, reason=OK 
 headers={'Date': 'Sun, 04 Jun 2023 20:08:48 GMT', 'Content-Type': 'application/json; charset=utf-8', 'Transfer-Encoding': 'chunked', 'Connection': 'keep-alive', 'Access-Control-Allow-Origin': '*', 'Etag': 'W/"297c-h+n6NsR3M51S6528jZo3BluzvtU"', 'X-Powered-By': 'Express', 'CF-Cache-Status': 'DYNAMIC', 'Report-To': '{"endpoints":[{"url":"https:\\/\\/a.nel.cloudflare.com\\/report\\/v3?s=fwMiDToQgxFAA72d0vsStsZZvXmypEyh%2Bt955WaTqR2A7oIadjxD7RAceAv%2BCiQFPF9qCGePXf9UjCznAgmHtVI3ayA8hvkn7i4kgT6NpVpezUTEdc9NrLnTjI1Kmk9ixis6"}],"group":"cf-nel","max_age":604800}', 'NEL': '{"success_fraction":0,"report_to":"cf-nel","max_age":604800}', 'Server': 'cloudflare', 'CF-RAY': '7d22cf57eb6f313f-SOF', 'Content-Encoding': 'gzip', 'alt-svc': 'h3=":443"; ma=86400'} 
 body=[{"id":1,"title":"Fjallraven - Foldsack No. 1 Backpack, Fits 15 Laptops","price":109.95,"description":"Your perfect pack for everyday use and walks in the forest. Stash your laptop (up to 15 inches) in the padded sleeve, your everyday","category":"men's clothing","image":"https://fakestoreapi.com/img/81fPKd-2AYL._AC_SL1500_.jpg","rating":{"rate":3.9,"count":120}},{"id":2,"title":"Mens Casual Premium Slim Fit T-Shirts ","price":22.3,"description":"Slim-fitting style, contrast raglan long sleeve, three-button henley placket, light weight &amp; soft fabric for breathable and comfortable wearing. And Solid stitched shirts with round neck made for durability and a great fit for casual fashion wear and diehard baseball fans. The Henley style round neckline includes a three-button placket.","category":"men's clothing","image":"https://fakestoreapi.com/img/71-3HjGNDUL._AC_SY879._SX._UX._SY._UY_.jpg","rating":{"rate":4.1,"count":259}},{"id":3,"title":"Mens Cotton Jacket","price":55.99,"description":"great outerwear jackets for Spring/Autumn/Winter, suitable for many occasions, such as working, hiking, camping, mountain/rock climbing, cycling, traveling or other outdoors. Good gift choice for you or your family member. A warm hearted love to Father, husband or son in this thanksgiving or Christmas Day.","category":"men's clothing","image":"https://fakestoreapi.com/img/71li-ujtlUL._AC_UX679_.jpg","rating":{"rate":4.7,"count":500}},{"id":4,"title":"Mens Casual Slim Fit","price":15.99,"description":"The color could be slightly different between on the screen and in practice. / Please note that body builds vary by person, therefore, detailed size information should be reviewed below on the product description.","category":"men's clothing","image":"https://fakestoreapi.com/img/71YXzeOuslL._AC_UY879_.jpg","rating":{"rate":2.1,"count":430}},{"id":5,"title":"John Hardy Women's Legends Naga Gold &amp; Silver Dragon Station Chain Bracelet","price":695,"description":"From our Legends Collection, the Naga was inspired by the mythical water dragon that protects the ocean's pearl. Wear facing inward to be bestowed with love and abundance, or outward for protection.","category":"jewelery","image":"https://fakestoreapi.com/img/71pWzhdJNwL._AC_UL640_QL65_ML3_.jpg","rating":{"rate":4.6,"count":400}},{"id":6,"title":"Solid Gold Petite Micropave ","price":168,"description":"Satisfaction Guaranteed. Return or exchange any order within 30 days.Designed and sold by Hafeez Center in the United States. Satisfaction Guaranteed. Return or exchange any order within 30 days.","category":"jewelery","image":"https://fakestoreapi.com/img/61sbMiUnoGL._AC_UL640_QL65_ML3_.jpg","rating":{"rate":3.9,"count":70}},{"id":7,"title":"White Gold Plated Princess","price":9.99,"description":"Classic Created Wedding Engagement Solitaire Diamond Promise Ring for Her. Gifts to spoil your love more for Engagement, Wedding, Anniversary, Valentine's Day...","category":"jewelery","image":"https://fakestoreapi.com/img/71YAIFU48IL._AC_UL640_QL65_ML3_.jpg","rating":{"rate":3,"count":400}},{"id":8,"title":"Pierced Owl Rose Gold Plated Stainless Steel Double","price":10.99,"description":"Rose Gold Plated Double Flared Tunnel Plug Earrings. Made of 316L Stainless Steel","category":"jewelery","image":"https://fakestoreapi.com/img/51UDEzMJVpL._AC_UL640_QL65_ML3_.jpg","rating":{"rate":1.9,"count":100}},{"id":9,"title":"WD 2TB Elements Portable External Hard Drive - USB 3.0 ","price":64,"description":"USB 3.0 and USB 2.0 Compatibility Fast data transfers Improve PC Performance High Capacity; Compatibility Formatted NTFS for Windows 10, Windows 8.1, Windows 7; Reformatting may be required for other operating systems; Compatibility may vary depending on user’s hardware configuration and operating system","category":"electronics","image":"https://fakestoreapi.com/img/61IBBVJvSDL._AC_SY879_.jpg","rating":{"rate":3.3,"count":203}},{"id":10,"title":"SanDisk SSD PLUS 1TB Internal SSD - SATA III 6 Gb/s","price":109,"description":"Easy upgrade for faster boot up, shutdown, application load and response (As compared to 5400 RPM SATA 2.5” hard drive; Based on published specifications and internal benchmarking tests using PCMark vantage scores) Boosts burst write performance, making it ideal for typical PC workloads The perfect balance of performance and reliability Read/write speeds of up to 535MB/s/450MB/s (Based on internal testing; Performance may vary depending upon drive capacity, host device, OS and application.)","category":"electronics","image":"https://fakestoreapi.com/img/61U7T1koQqL._AC_SX679_.jpg","rating":{"rate":2.9,"count":470}},{"id":11,"title":"Silicon Power 256GB SSD 3D NAND A55 SLC Cache Performance Boost SATA III 2.5","price":109,"description":"3D NAND flash are applied to deliver high transfer speeds Remarkable transfer speeds that enable faster bootup and improved overall system performance. The advanced SLC Cache Technology allows performance boost and longer lifespan 7mm slim design suitable for Ultrabooks and Ultra-slim notebooks. Supports TRIM command, Garbage Collection technology, RAID, and ECC (Error Checking &amp; Correction) to provide the optimized performance and enhanced reliability.","category":"electronics","image":"https://fakestoreapi.com/img/71kWymZ+c+L._AC_SX679_.jpg","rating":{"rate":4.8,"count":319}},{"id":12,"title":"WD 4TB Gaming Drive Works with Playstation 4 Portable External Hard Drive","price":114,"description":"Expand your PS4 gaming experience, Play anywhere Fast and easy, setup Sleek design with high capacity, 3-year manufacturer's limited warranty","category":"electronics","image":"https://fakestoreapi.com/img/61mtL65D4cL._AC_SX679_.jpg","rating":{"rate":4.8,"count":400}},{"id":13,"title":"Acer SB220Q bi 21.5 inches Full HD (1920 x 1080) IPS Ultra-Thin","price":599,"description":"21. 5 inches Full HD (1920 x 1080) widescreen IPS display And Radeon free Sync technology. No compatibility for VESA Mount Refresh Rate: 75Hz - Using HDMI port Zero-frame design | ultra-thin | 4ms response time | IPS panel Aspect ratio - 16: 9. Color Supported - 16. 7 million colors. Brightness - 250 nit Tilt angle -5 degree to 15 degree. Horizontal viewing angle-178 degree. Vertical viewing angle-178 degree 75 hertz","category":"electronics","image":"https://fakestoreapi.com/img/81QpkIctqPL._AC_SX679_.jpg","rating":{"rate":2.9,"count":250}},{"id":14,"title":"Samsung 49-Inch CHG90 144Hz Curved Gaming Monitor (LC49HG90DMNXZA) – Super Ultrawide Screen QLED ","price":999.99,"description":"49 INCH SUPER ULTRAWIDE 32:9 CURVED GAMING MONITOR with dual 27 inch screen side by side QUANTUM DOT (QLED) TECHNOLOGY, HDR support and factory calibration provides stunningly realistic and accurate color and contrast 144HZ HIGH REFRESH RATE and 1ms ultra fast response time work to eliminate motion blur, ghosting, and reduce input lag","category":"electronics","image":"https://fakestoreapi.com/img/81Zt42ioCgL._AC_SX679_.jpg","rating":{"rate":2.2,"count":140}},{"id":15,"title":"BIYLACLESEN Women's 3-in-1 Snowboard Jacket Winter Coats","price":56.99,"description":"Note:The Jackets is US standard size, Please choose size as your usual wear Material: 100% Polyester; Detachable Liner Fabric: Warm Fleece. Detachable Functional Liner: Skin Friendly, Lightweigt and Warm.Stand Collar Liner jacket, keep you warm in cold weather. Zippered Pockets: 2 Zippered Hand Pockets, 2 Zippered Pockets on Chest (enough to keep cards or keys)and 1 Hidden Pocket Inside.Zippered Hand Pockets and Hidden Pocket keep your things secure. Humanized Design: Adjustable and Detachable Hood and Adjustable cuff to prevent the wind and water,for a comfortable fit. 3 in 1 Detachable Design provide more convenience, you can separate the coat and inner as needed, or wear it together. It is suitable for different season and help you adapt to different climates","category":"women's clothing","image":"https://fakestoreapi.com/img/51Y5NI-I5jL._AC_UX679_.jpg","rating":{"rate":2.6,"count":235}},{"id":16,"title":"Lock and Love Women's Removable Hooded Faux Leather Moto Biker Jacket","price":29.95,"description":"100% POLYURETHANE(shell) 100% POLYESTER(lining) 75% POLYESTER 25% COTTON (SWEATER), Faux leather material for style and comfort / 2 pockets of front, 2-For-One Hooded denim style faux leather jacket, Button detail on waist / Detail stitching at sides, HAND WASH ONLY / DO NOT BLEACH / LINE DRY / DO NOT IRON","category":"women's clothing","image":"https://fakestoreapi.com/img/81XH0e8fefL._AC_UY879_.jpg","rating":{"rate":2.9,"count":340}},{"id":17,"title":"Rain Jacket Women Windbreaker Striped Climbing Raincoats","price":39.99,"description":"Lightweight perfet for trip or casual wear---Long sleeve with hooded, adjustable drawstring waist design. Button and zipper front closure raincoat, fully stripes Lined and The Raincoat has 2 side pockets are a good size to hold all kinds of things, it covers the hips, and the hood is generous but doesn't overdo it.Attached Cotton Lined Hood with Adjustable Drawstrings give it a real styled look.","category":"women's clothing","image":"https://fakestoreapi.com/img/71HblAHs5xL._AC_UY879_-2.jpg","rating":{"rate":3.8,"count":679}},{"id":18,"title":"MBJ Women's Solid Short Sleeve Boat Neck V ","price":9.85,"description":"95% RAYON 5% SPANDEX, Made in USA or Imported, Do Not Bleach, Lightweight fabric with great stretch for comfort, Ribbed on sleeves and neckline / Double stitching on bottom hem","category":"women's clothing","image":"https://fakestoreapi.com/img/71z3kpMAYsL._AC_UY879_.jpg","rating":{"rate":4.7,"count":130}},{"id":19,"title":"Opna Women's Short Sleeve Moisture","price":7.95,"description":"100% Polyester, Machine wash, 100% cationic polyester interlock, Machine Wash &amp; Pre Shrunk for a Great Fit, Lightweight, roomy and highly breathable with moisture wicking fabric which helps to keep moisture away, Soft Lightweight Fabric with comfortable V-neck collar and a slimmer fit, delivers a sleek, ... (set the log level to DEBUG or TRACE to see the full content) 
 </msg>
<status status="PASS" starttime="20230604 23:08:45.625" endtime="20230604 23:08:45.909"/>
</kw>
<msg timestamp="20230604 23:08:45.909" level="INFO">${response} = None</msg>
<status status="PASS" starttime="20230604 23:08:45.625" endtime="20230604 23:08:45.909"/>
</kw>
<kw name="Check status as 200" library="common_get">
<arg>${response}</arg>
<kw name="Status Should Be" library="RequestsLibrary">
<arg>200</arg>
<arg>${response}</arg>
<doc>Fails if response status code is different than the expected.</doc>
<status status="PASS" starttime="20230604 23:08:45.910" endtime="20230604 23:08:45.910"/>
</kw>
<status status="PASS" starttime="20230604 23:08:45.909" endtime="20230604 23:08:45.910"/>
</kw>
<kw name="Check keys in repsonse body" library="common_get">
<arg>${tc_path}</arg>
<arg>${key_id}</arg>
<arg>${key_title}</arg>
<arg>${key_price}</arg>
<arg>${key_category}</arg>
<arg>${key_description}</arg>
<arg>${key_image}</arg>
<kw name="GET On Session" library="RequestsLibrary">
<var>${response}</var>
<arg>fakeshop_session</arg>
<arg>${tc_path}</arg>
<doc>Sends a GET request on a previously created HTTP Session.</doc>
<msg timestamp="20230604 23:08:46.144" level="INFO">GET Request : url=https://fakestoreapi.com/products 
 path_url=/products 
 headers={'User-Agent': 'python-requests/2.30.0', 'Accept-Encoding': 'gzip, deflate', 'Accept': '*/*', 'Connection': 'keep-alive'} 
 body=None 
 </msg>
<msg timestamp="20230604 23:08:46.145" level="INFO">GET Response : url=https://fakestoreapi.com/products 
 status=200, reason=OK 
 headers={'Date': 'Sun, 04 Jun 2023 20:08:49 GMT', 'Content-Type': 'application/json; charset=utf-8', 'Transfer-Encoding': 'chunked', 'Connection': 'keep-alive', 'Access-Control-Allow-Origin': '*', 'Etag': 'W/"297c-h+n6NsR3M51S6528jZo3BluzvtU"', 'X-Powered-By': 'Express', 'CF-Cache-Status': 'DYNAMIC', 'Report-To': '{"endpoints":[{"url":"https:\\/\\/a.nel.cloudflare.com\\/report\\/v3?s=p7wyd8D%2FcaGIqAenkKPzkfjVbYGmaaKYwPnI7qA8L8DM7RVXyZbpS9EVQEmREwxTMFjlY5q2fajI1TYJpLyZ7LNzlkXNdcw%2BcmR68wIFXnBf0%2Be4Dpm8p5O5FhBycPmOSdQ3"}],"group":"cf-nel","max_age":604800}', 'NEL': '{"success_fraction":0,"report_to":"cf-nel","max_age":604800}', 'Server': 'cloudflare', 'CF-RAY': '7d22cf597ea5313f-SOF', 'Content-Encoding': 'gzip', 'alt-svc': 'h3=":443"; ma=86400'} 
 body=[{"id":1,"title":"Fjallraven - Foldsack No. 1 Backpack, Fits 15 Laptops","price":109.95,"description":"Your perfect pack for everyday use and walks in the forest. Stash your laptop (up to 15 inches) in the padded sleeve, your everyday","category":"men's clothing","image":"https://fakestoreapi.com/img/81fPKd-2AYL._AC_SL1500_.jpg","rating":{"rate":3.9,"count":120}},{"id":2,"title":"Mens Casual Premium Slim Fit T-Shirts ","price":22.3,"description":"Slim-fitting style, contrast raglan long sleeve, three-button henley placket, light weight &amp; soft fabric for breathable and comfortable wearing. And Solid stitched shirts with round neck made for durability and a great fit for casual fashion wear and diehard baseball fans. The Henley style round neckline includes a three-button placket.","category":"men's clothing","image":"https://fakestoreapi.com/img/71-3HjGNDUL._AC_SY879._SX._UX._SY._UY_.jpg","rating":{"rate":4.1,"count":259}},{"id":3,"title":"Mens Cotton Jacket","price":55.99,"description":"great outerwear jackets for Spring/Autumn/Winter, suitable for many occasions, such as working, hiking, camping, mountain/rock climbing, cycling, traveling or other outdoors. Good gift choice for you or your family member. A warm hearted love to Father, husband or son in this thanksgiving or Christmas Day.","category":"men's clothing","image":"https://fakestoreapi.com/img/71li-ujtlUL._AC_UX679_.jpg","rating":{"rate":4.7,"count":500}},{"id":4,"title":"Mens Casual Slim Fit","price":15.99,"description":"The color could be slightly different between on the screen and in practice. / Please note that body builds vary by person, therefore, detailed size information should be reviewed below on the product description.","category":"men's clothing","image":"https://fakestoreapi.com/img/71YXzeOuslL._AC_UY879_.jpg","rating":{"rate":2.1,"count":430}},{"id":5,"title":"John Hardy Women's Legends Naga Gold &amp; Silver Dragon Station Chain Bracelet","price":695,"description":"From our Legends Collection, the Naga was inspired by the mythical water dragon that protects the ocean's pearl. Wear facing inward to be bestowed with love and abundance, or outward for protection.","category":"jewelery","image":"https://fakestoreapi.com/img/71pWzhdJNwL._AC_UL640_QL65_ML3_.jpg","rating":{"rate":4.6,"count":400}},{"id":6,"title":"Solid Gold Petite Micropave ","price":168,"description":"Satisfaction Guaranteed. Return or exchange any order within 30 days.Designed and sold by Hafeez Center in the United States. Satisfaction Guaranteed. Return or exchange any order within 30 days.","category":"jewelery","image":"https://fakestoreapi.com/img/61sbMiUnoGL._AC_UL640_QL65_ML3_.jpg","rating":{"rate":3.9,"count":70}},{"id":7,"title":"White Gold Plated Princess","price":9.99,"description":"Classic Created Wedding Engagement Solitaire Diamond Promise Ring for Her. Gifts to spoil your love more for Engagement, Wedding, Anniversary, Valentine's Day...","category":"jewelery","image":"https://fakestoreapi.com/img/71YAIFU48IL._AC_UL640_QL65_ML3_.jpg","rating":{"rate":3,"count":400}},{"id":8,"title":"Pierced Owl Rose Gold Plated Stainless Steel Double","price":10.99,"description":"Rose Gold Plated Double Flared Tunnel Plug Earrings. Made of 316L Stainless Steel","category":"jewelery","image":"https://fakestoreapi.com/img/51UDEzMJVpL._AC_UL640_QL65_ML3_.jpg","rating":{"rate":1.9,"count":100}},{"id":9,"title":"WD 2TB Elements Portable External Hard Drive - USB 3.0 ","price":64,"description":"USB 3.0 and USB 2.0 Compatibility Fast data transfers Improve PC Performance High Capacity; Compatibility Formatted NTFS for Windows 10, Windows 8.1, Windows 7; Reformatting may be required for other operating systems; Compatibility may vary depending on user’s hardware configuration and operating system","category":"electronics","image":"https://fakestoreapi.com/img/61IBBVJvSDL._AC_SY879_.jpg","rating":{"rate":3.3,"count":203}},{"id":10,"title":"SanDisk SSD PLUS 1TB Internal SSD - SATA III 6 Gb/s","price":109,"description":"Easy upgrade for faster boot up, shutdown, application load and response (As compared to 5400 RPM SATA 2.5” hard drive; Based on published specifications and internal benchmarking tests using PCMark vantage scores) Boosts burst write performance, making it ideal for typical PC workloads The perfect balance of performance and reliability Read/write speeds of up to 535MB/s/450MB/s (Based on internal testing; Performance may vary depending upon drive capacity, host device, OS and application.)","category":"electronics","image":"https://fakestoreapi.com/img/61U7T1koQqL._AC_SX679_.jpg","rating":{"rate":2.9,"count":470}},{"id":11,"title":"Silicon Power 256GB SSD 3D NAND A55 SLC Cache Performance Boost SATA III 2.5","price":109,"description":"3D NAND flash are applied to deliver high transfer speeds Remarkable transfer speeds that enable faster bootup and improved overall system performance. The advanced SLC Cache Technology allows performance boost and longer lifespan 7mm slim design suitable for Ultrabooks and Ultra-slim notebooks. Supports TRIM command, Garbage Collection technology, RAID, and ECC (Error Checking &amp; Correction) to provide the optimized performance and enhanced reliability.","category":"electronics","image":"https://fakestoreapi.com/img/71kWymZ+c+L._AC_SX679_.jpg","rating":{"rate":4.8,"count":319}},{"id":12,"title":"WD 4TB Gaming Drive Works with Playstation 4 Portable External Hard Drive","price":114,"description":"Expand your PS4 gaming experience, Play anywhere Fast and easy, setup Sleek design with high capacity, 3-year manufacturer's limited warranty","category":"electronics","image":"https://fakestoreapi.com/img/61mtL65D4cL._AC_SX679_.jpg","rating":{"rate":4.8,"count":400}},{"id":13,"title":"Acer SB220Q bi 21.5 inches Full HD (1920 x 1080) IPS Ultra-Thin","price":599,"description":"21. 5 inches Full HD (1920 x 1080) widescreen IPS display And Radeon free Sync technology. No compatibility for VESA Mount Refresh Rate: 75Hz - Using HDMI port Zero-frame design | ultra-thin | 4ms response time | IPS panel Aspect ratio - 16: 9. Color Supported - 16. 7 million colors. Brightness - 250 nit Tilt angle -5 degree to 15 degree. Horizontal viewing angle-178 degree. Vertical viewing angle-178 degree 75 hertz","category":"electronics","image":"https://fakestoreapi.com/img/81QpkIctqPL._AC_SX679_.jpg","rating":{"rate":2.9,"count":250}},{"id":14,"title":"Samsung 49-Inch CHG90 144Hz Curved Gaming Monitor (LC49HG90DMNXZA) – Super Ultrawide Screen QLED ","price":999.99,"description":"49 INCH SUPER ULTRAWIDE 32:9 CURVED GAMING MONITOR with dual 27 inch screen side by side QUANTUM DOT (QLED) TECHNOLOGY, HDR support and factory calibration provides stunningly realistic and accurate color and contrast 144HZ HIGH REFRESH RATE and 1ms ultra fast response time work to eliminate motion blur, ghosting, and reduce input lag","category":"electronics","image":"https://fakestoreapi.com/img/81Zt42ioCgL._AC_SX679_.jpg","rating":{"rate":2.2,"count":140}},{"id":15,"title":"BIYLACLESEN Women's 3-in-1 Snowboard Jacket Winter Coats","price":56.99,"description":"Note:The Jackets is US standard size, Please choose size as your usual wear Material: 100% Polyester; Detachable Liner Fabric: Warm Fleece. Detachable Functional Liner: Skin Friendly, Lightweigt and Warm.Stand Collar Liner jacket, keep you warm in cold weather. Zippered Pockets: 2 Zippered Hand Pockets, 2 Zippered Pockets on Chest (enough to keep cards or keys)and 1 Hidden Pocket Inside.Zippered Hand Pockets and Hidden Pocket keep your things secure. Humanized Design: Adjustable and Detachable Hood and Adjustable cuff to prevent the wind and water,for a comfortable fit. 3 in 1 Detachable Design provide more convenience, you can separate the coat and inner as needed, or wear it together. It is suitable for different season and help you adapt to different climates","category":"women's clothing","image":"https://fakestoreapi.com/img/51Y5NI-I5jL._AC_UX679_.jpg","rating":{"rate":2.6,"count":235}},{"id":16,"title":"Lock and Love Women's Removable Hooded Faux Leather Moto Biker Jacket","price":29.95,"description":"100% POLYURETHANE(shell) 100% POLYESTER(lining) 75% POLYESTER 25% COTTON (SWEATER), Faux leather material for style and comfort / 2 pockets of front, 2-For-One Hooded denim style faux leather jacket, Button detail on waist / Detail stitching at sides, HAND WASH ONLY / DO NOT BLEACH / LINE DRY / DO NOT IRON","category":"women's clothing","image":"https://fakestoreapi.com/img/81XH0e8fefL._AC_UY879_.jpg","rating":{"rate":2.9,"count":340}},{"id":17,"title":"Rain Jacket Women Windbreaker Striped Climbing Raincoats","price":39.99,"description":"Lightweight perfet for trip or casual wear---Long sleeve with hooded, adjustable drawstring waist design. Button and zipper front closure raincoat, fully stripes Lined and The Raincoat has 2 side pockets are a good size to hold all kinds of things, it covers the hips, and the hood is generous but doesn't overdo it.Attached Cotton Lined Hood with Adjustable Drawstrings give it a real styled look.","category":"women's clothing","image":"https://fakestoreapi.com/img/71HblAHs5xL._AC_UY879_-2.jpg","rating":{"rate":3.8,"count":679}},{"id":18,"title":"MBJ Women's Solid Short Sleeve Boat Neck V ","price":9.85,"description":"95% RAYON 5% SPANDEX, Made in USA or Imported, Do Not Bleach, Lightweight fabric with great stretch for comfort, Ribbed on sleeves and neckline / Double stitching on bottom hem","category":"women's clothing","image":"https://fakestoreapi.com/img/71z3kpMAYsL._AC_UY879_.jpg","rating":{"rate":4.7,"count":130}},{"id":19,"title":"Opna Women's Short Sleeve Moisture","price":7.95,"description":"100% Polyester, Machine wash, 100% cationic polyester interlock, Machine Wash &amp; Pre Shrunk for a Great Fit, Lightweight, roomy and highly breathable with moisture wicking fabric which helps to keep moisture away, Soft Lightweight Fabric with comfortable V-neck collar and a slimmer fit, delivers a sleek, ... (set the log level to DEBUG or TRACE to see the full content) 
 </msg>
<msg timestamp="20230604 23:08:46.146" level="INFO">${response} = &lt;Response [200]&gt;</msg>
<status status="PASS" starttime="20230604 23:08:45.911" endtime="20230604 23:08:46.146"/>
</kw>
<kw name="Convert To String" library="BuiltIn">
<var>${body}</var>
<arg>${response.content}</arg>
<doc>Converts the given item to a Unicode string.</doc>
<msg timestamp="20230604 23:08:46.153" level="INFO">${body} = [{"id":1,"title":"Fjallraven - Foldsack No. 1 Backpack, Fits 15 Laptops","price":109.95,"description":"Your perfect pack for everyday use and walks in the forest. Stash your laptop (up to 15 inches) i...</msg>
<status status="PASS" starttime="20230604 23:08:46.146" endtime="20230604 23:08:46.154"/>
</kw>
<kw name="Should Contain" library="BuiltIn">
<arg>${body}</arg>
<arg>${key_id}</arg>
<doc>Fails if ``container`` does not contain ``item`` one or more times.</doc>
<status status="PASS" starttime="20230604 23:08:46.154" endtime="20230604 23:08:46.155"/>
</kw>
<kw name="Should Contain" library="BuiltIn">
<arg>${body}</arg>
<arg>${key_title}</arg>
<doc>Fails if ``container`` does not contain ``item`` one or more times.</doc>
<status status="PASS" starttime="20230604 23:08:46.155" endtime="20230604 23:08:46.156"/>
</kw>
<kw name="Should Contain" library="BuiltIn">
<arg>${body}</arg>
<arg>${key_price}</arg>
<doc>Fails if ``container`` does not contain ``item`` one or more times.</doc>
<status status="PASS" starttime="20230604 23:08:46.156" endtime="20230604 23:08:46.158"/>
</kw>
<kw name="Should Contain" library="BuiltIn">
<arg>${body}</arg>
<arg>${key_category}</arg>
<doc>Fails if ``container`` does not contain ``item`` one or more times.</doc>
<status status="PASS" starttime="20230604 23:08:46.158" endtime="20230604 23:08:46.159"/>
</kw>
<kw name="Should Contain" library="BuiltIn">
<arg>${body}</arg>
<arg>${key_description}</arg>
<doc>Fails if ``container`` does not contain ``item`` one or more times.</doc>
<status status="PASS" starttime="20230604 23:08:46.159" endtime="20230604 23:08:46.160"/>
</kw>
<kw name="Should Contain" library="BuiltIn">
<arg>${body}</arg>
<arg>${key_image}</arg>
<doc>Fails if ``container`` does not contain ``item`` one or more times.</doc>
<status status="PASS" starttime="20230604 23:08:46.161" endtime="20230604 23:08:46.161"/>
</kw>
<status status="PASS" starttime="20230604 23:08:45.911" endtime="20230604 23:08:46.161"/>
</kw>
<doc>Running the GET all products request
in order to get information about all
the product. Validation includes:
StatusCode as 200 and some of the
returned keys in the body: id:{},
title:'...', price:'...', category:'...',
description:'...', image:'...', ...
Keywords located in ../../resources/common_get.resource</doc>
<tag>products</tag>
<status status="PASS" starttime="20230604 23:08:45.623" endtime="20230604 23:08:46.163"/>
</test>
<status status="PASS" starttime="20230604 23:08:45.613" endtime="20230604 23:08:46.166"/>
</suite>
<suite id="s1-s1-s2-s2" name="Tc02 Get Product Info" source="C:\Users\nache\PycharmProjects\training_robot\tests\products\tc02_get_product_info.robot">
<test id="s1-s1-s2-s2-t1" name="Do Get reqeust on a product" line="13">
<kw name="Create session to the Web Service" library="common_get">
<kw name="Create Session" library="RequestsLibrary">
<arg>fakeshop_session</arg>
<arg>${base_url}</arg>
<arg>verify=true</arg>
<doc>Create Session: create a HTTP session to a server</doc>
<msg timestamp="20230604 23:08:46.180" level="INFO">Creating Session using : alias=fakeshop_session, url=https://fakestoreapi.com, headers={},                     cookies={}, auth=None, timeout=None, proxies=None, verify=True,                     debug=0 </msg>
<status status="PASS" starttime="20230604 23:08:46.180" endtime="20230604 23:08:46.180"/>
</kw>
<status status="PASS" starttime="20230604 23:08:46.180" endtime="20230604 23:08:46.180"/>
</kw>
<kw name="Do Get reqeust on a product ID" library="common_get">
<var>${response}</var>
<arg>${tc_path}</arg>
<kw name="GET On Session" library="RequestsLibrary">
<arg>fakeshop_session</arg>
<arg>${path_products_id}</arg>
<doc>Sends a GET request on a previously created HTTP Session.</doc>
<msg timestamp="20230604 23:08:46.446" level="INFO">GET Request : url=https://fakestoreapi.com/products/2 
 path_url=/products/2 
 headers={'User-Agent': 'python-requests/2.30.0', 'Accept-Encoding': 'gzip, deflate', 'Accept': '*/*', 'Connection': 'keep-alive'} 
 body=None 
 </msg>
<msg timestamp="20230604 23:08:46.446" level="INFO">GET Response : url=https://fakestoreapi.com/products/2 
 status=200, reason=OK 
 headers={'Date': 'Sun, 04 Jun 2023 20:08:49 GMT', 'Content-Type': 'application/json; charset=utf-8', 'Transfer-Encoding': 'chunked', 'Connection': 'keep-alive', 'Access-Control-Allow-Origin': '*', 'Etag': 'W/"239-bLDSJo+O3FjSlzUr879oE3z3US8"', 'X-Powered-By': 'Express', 'CF-Cache-Status': 'DYNAMIC', 'Report-To': '{"endpoints":[{"url":"https:\\/\\/a.nel.cloudflare.com\\/report\\/v3?s=rD2M547kdyeQ5NG%2BDPWoQE6ESvwvIOwsWwfa2ZQNr4GTIvz%2BNAgXutYkUTRglbLfAiUfixgfF1hgw37A3JgoW72vDz2zxoeNuXAoataMX5G9EtvfkejsQ%2FzNd7yyoyHU3Tbc"}],"group":"cf-nel","max_age":604800}', 'NEL': '{"success_fraction":0,"report_to":"cf-nel","max_age":604800}', 'Server': 'cloudflare', 'CF-RAY': '7d22cf5b5da13132-SOF', 'Content-Encoding': 'gzip', 'alt-svc': 'h3=":443"; ma=86400'} 
 body={"id":2,"title":"Mens Casual Premium Slim Fit T-Shirts ","price":22.3,"description":"Slim-fitting style, contrast raglan long sleeve, three-button henley placket, light weight &amp; soft fabric for breathable and comfortable wearing. And Solid stitched shirts with round neck made for durability and a great fit for casual fashion wear and diehard baseball fans. The Henley style round neckline includes a three-button placket.","category":"men's clothing","image":"https://fakestoreapi.com/img/71-3HjGNDUL._AC_SY879._SX._UX._SY._UY_.jpg","rating":{"rate":4.1,"count":259}} 
 </msg>
<status status="PASS" starttime="20230604 23:08:46.181" endtime="20230604 23:08:46.446"/>
</kw>
<msg timestamp="20230604 23:08:46.446" level="INFO">${response} = None</msg>
<status status="PASS" starttime="20230604 23:08:46.181" endtime="20230604 23:08:46.446"/>
</kw>
<kw name="Check status as 200" library="common_get">
<arg>${response}</arg>
<kw name="Status Should Be" library="RequestsLibrary">
<arg>200</arg>
<arg>${response}</arg>
<doc>Fails if response status code is different than the expected.</doc>
<status status="PASS" starttime="20230604 23:08:46.447" endtime="20230604 23:08:46.447"/>
</kw>
<status status="PASS" starttime="20230604 23:08:46.447" endtime="20230604 23:08:46.447"/>
</kw>
<kw name="Check keys' parameters in response body" library="common_get">
<arg>${tc_path}</arg>
<arg>${param_title}</arg>
<arg>${param_category}</arg>
<arg>${param_price}</arg>
<kw name="GET On Session" library="RequestsLibrary">
<var>${response}</var>
<arg>fakeshop_session</arg>
<arg>${tc_path}</arg>
<doc>Sends a GET request on a previously created HTTP Session.</doc>
<msg timestamp="20230604 23:08:46.681" level="INFO">GET Request : url=https://fakestoreapi.com/products/2 
 path_url=/products/2 
 headers={'User-Agent': 'python-requests/2.30.0', 'Accept-Encoding': 'gzip, deflate', 'Accept': '*/*', 'Connection': 'keep-alive'} 
 body=None 
 </msg>
<msg timestamp="20230604 23:08:46.682" level="INFO">GET Response : url=https://fakestoreapi.com/products/2 
 status=200, reason=OK 
 headers={'Date': 'Sun, 04 Jun 2023 20:08:49 GMT', 'Content-Type': 'application/json; charset=utf-8', 'Transfer-Encoding': 'chunked', 'Connection': 'keep-alive', 'Access-Control-Allow-Origin': '*', 'Etag': 'W/"239-bLDSJo+O3FjSlzUr879oE3z3US8"', 'X-Powered-By': 'Express', 'CF-Cache-Status': 'DYNAMIC', 'Report-To': '{"endpoints":[{"url":"https:\\/\\/a.nel.cloudflare.com\\/report\\/v3?s=aYzLqGNmEf3FXvXhxquIm4pcScsO8hQegVLAaBxyIgVsOkEMGnw70hK29LNq2ZH3fvcOsWmIUMc89nfe3aO3brI%2F1CudlEoKZLpogc%2Bzo1Yz%2FaLoebLm3q1FsWOyQ7Paetgk"}],"group":"cf-nel","max_age":604800}', 'NEL': '{"success_fraction":0,"report_to":"cf-nel","max_age":604800}', 'Server': 'cloudflare', 'CF-RAY': '7d22cf5ccfe63132-SOF', 'Content-Encoding': 'gzip', 'alt-svc': 'h3=":443"; ma=86400'} 
 body={"id":2,"title":"Mens Casual Premium Slim Fit T-Shirts ","price":22.3,"description":"Slim-fitting style, contrast raglan long sleeve, three-button henley placket, light weight &amp; soft fabric for breathable and comfortable wearing. And Solid stitched shirts with round neck made for durability and a great fit for casual fashion wear and diehard baseball fans. The Henley style round neckline includes a three-button placket.","category":"men's clothing","image":"https://fakestoreapi.com/img/71-3HjGNDUL._AC_SY879._SX._UX._SY._UY_.jpg","rating":{"rate":4.1,"count":259}} 
 </msg>
<msg timestamp="20230604 23:08:46.682" level="INFO">${response} = &lt;Response [200]&gt;</msg>
<status status="PASS" starttime="20230604 23:08:46.448" endtime="20230604 23:08:46.682"/>
</kw>
<kw name="Log" library="BuiltIn">
<arg>${response.json()}</arg>
<doc>Logs the given message with the given level.</doc>
<msg timestamp="20230604 23:08:46.684" level="INFO">{'id': 2, 'title': 'Mens Casual Premium Slim Fit T-Shirts ', 'price': 22.3, 'description': 'Slim-fitting style, contrast raglan long sleeve, three-button henley placket, light weight &amp; soft fabric for breathable and comfortable wearing. And Solid stitched shirts with round neck made for durability and a great fit for casual fashion wear and diehard baseball fans. The Henley style round neckline includes a three-button placket.', 'category': "men's clothing", 'image': 'https://fakestoreapi.com/img/71-3HjGNDUL._AC_SY879._SX._UX._SY._UY_.jpg', 'rating': {'rate': 4.1, 'count': 259}}</msg>
<status status="PASS" starttime="20230604 23:08:46.683" endtime="20230604 23:08:46.684"/>
</kw>
<kw name="Should Be Equal" library="BuiltIn">
<arg>${response.json()}[title]</arg>
<arg>${param_title}</arg>
<doc>Fails if the given objects are unequal.</doc>
<status status="PASS" starttime="20230604 23:08:46.684" endtime="20230604 23:08:46.685"/>
</kw>
<kw name="Should Be Equal" library="BuiltIn">
<arg>${response.json()}[category]</arg>
<arg>${param_category}</arg>
<doc>Fails if the given objects are unequal.</doc>
<status status="PASS" starttime="20230604 23:08:46.685" endtime="20230604 23:08:46.685"/>
</kw>
<kw name="Should Be Equal" library="BuiltIn">
<arg>${response.json()}[price]</arg>
<arg>${param_price}</arg>
<doc>Fails if the given objects are unequal.</doc>
<status status="PASS" starttime="20230604 23:08:46.685" endtime="20230604 23:08:46.686"/>
</kw>
<status status="PASS" starttime="20230604 23:08:46.447" endtime="20230604 23:08:46.686"/>
</kw>
<doc>Running the GET a single product request
in order to get info about the product.
Validations: StatusCode as 200 and some
of the expected keys' parameters in the
reponse body.Keywords located in
../../resources/common_get.resource</doc>
<tag>products</tag>
<status status="PASS" starttime="20230604 23:08:46.178" endtime="20230604 23:08:46.686"/>
</test>
<status status="PASS" starttime="20230604 23:08:46.169" endtime="20230604 23:08:46.689"/>
</suite>
<suite id="s1-s1-s2-s3" name="Tc03 Limit Results" source="C:\Users\nache\PycharmProjects\training_robot\tests\products\tc03_limit_results.robot">
<test id="s1-s1-s2-s3-t1" name="Get and limit the results" line="13">
<kw name="Create session to the Web Service" library="common_get">
<kw name="Create Session" library="RequestsLibrary">
<arg>fakeshop_session</arg>
<arg>${base_url}</arg>
<arg>verify=true</arg>
<doc>Create Session: create a HTTP session to a server</doc>
<msg timestamp="20230604 23:08:46.697" level="INFO">Creating Session using : alias=fakeshop_session, url=https://fakestoreapi.com, headers={},                     cookies={}, auth=None, timeout=None, proxies=None, verify=True,                     debug=0 </msg>
<status status="PASS" starttime="20230604 23:08:46.697" endtime="20230604 23:08:46.697"/>
</kw>
<status status="PASS" starttime="20230604 23:08:46.697" endtime="20230604 23:08:46.697"/>
</kw>
<kw name="Get request and limit the results" library="common_get">
<var>${response}</var>
<arg>${tc_path}</arg>
<arg>${param_limit}</arg>
<kw name="GET On Session" library="RequestsLibrary">
<var>${response}</var>
<arg>fakeshop_session</arg>
<arg>${tc_path}</arg>
<arg>${param_limit}</arg>
<doc>Sends a GET request on a previously created HTTP Session.</doc>
<msg timestamp="20230604 23:08:46.962" level="INFO">GET Request : url=https://fakestoreapi.com/products?limit=4 
 path_url=/products?limit=4 
 headers={'User-Agent': 'python-requests/2.30.0', 'Accept-Encoding': 'gzip, deflate', 'Accept': '*/*', 'Connection': 'keep-alive'} 
 body=None 
 </msg>
<msg timestamp="20230604 23:08:46.962" level="INFO">GET Response : url=https://fakestoreapi.com/products?limit=4 
 status=200, reason=OK 
 headers={'Date': 'Sun, 04 Jun 2023 20:08:49 GMT', 'Content-Type': 'application/json; charset=utf-8', 'Transfer-Encoding': 'chunked', 'Connection': 'keep-alive', 'Access-Control-Allow-Origin': '*', 'Etag': 'W/"73c-TUQqrPxyv9Gpjayyght5LBvMtiA"', 'X-Powered-By': 'Express', 'CF-Cache-Status': 'DYNAMIC', 'Report-To': '{"endpoints":[{"url":"https:\\/\\/a.nel.cloudflare.com\\/report\\/v3?s=F98mHO3E5HxeGs0zJkzDDttUZsVklPCSL0nG%2FqPtTDGadG909eZ9uc3bQSTtUFk0qBzNEUydvwMaRHHZS2V6YZgB5oB4O2zPA3hhBaskOQJLTjWGxqyC7UdPXGUVbeyuvgf2"}],"group":"cf-nel","max_age":604800}', 'NEL': '{"success_fraction":0,"report_to":"cf-nel","max_age":604800}', 'Server': 'cloudflare', 'CF-RAY': '7d22cf5e889a313f-SOF', 'Content-Encoding': 'gzip', 'alt-svc': 'h3=":443"; ma=86400'} 
 body=[{"id":1,"title":"Fjallraven - Foldsack No. 1 Backpack, Fits 15 Laptops","price":109.95,"description":"Your perfect pack for everyday use and walks in the forest. Stash your laptop (up to 15 inches) in the padded sleeve, your everyday","category":"men's clothing","image":"https://fakestoreapi.com/img/81fPKd-2AYL._AC_SL1500_.jpg","rating":{"rate":3.9,"count":120}},{"id":2,"title":"Mens Casual Premium Slim Fit T-Shirts ","price":22.3,"description":"Slim-fitting style, contrast raglan long sleeve, three-button henley placket, light weight &amp; soft fabric for breathable and comfortable wearing. And Solid stitched shirts with round neck made for durability and a great fit for casual fashion wear and diehard baseball fans. The Henley style round neckline includes a three-button placket.","category":"men's clothing","image":"https://fakestoreapi.com/img/71-3HjGNDUL._AC_SY879._SX._UX._SY._UY_.jpg","rating":{"rate":4.1,"count":259}},{"id":3,"title":"Mens Cotton Jacket","price":55.99,"description":"great outerwear jackets for Spring/Autumn/Winter, suitable for many occasions, such as working, hiking, camping, mountain/rock climbing, cycling, traveling or other outdoors. Good gift choice for you or your family member. A warm hearted love to Father, husband or son in this thanksgiving or Christmas Day.","category":"men's clothing","image":"https://fakestoreapi.com/img/71li-ujtlUL._AC_UX679_.jpg","rating":{"rate":4.7,"count":500}},{"id":4,"title":"Mens Casual Slim Fit","price":15.99,"description":"The color could be slightly different between on the screen and in practice. / Please note that body builds vary by person, therefore, detailed size information should be reviewed below on the product description.","category":"men's clothing","image":"https://fakestoreapi.com/img/71YXzeOuslL._AC_UY879_.jpg","rating":{"rate":2.1,"count":430}}] 
 </msg>
<msg timestamp="20230604 23:08:46.963" level="INFO">${response} = &lt;Response [200]&gt;</msg>
<status status="PASS" starttime="20230604 23:08:46.698" endtime="20230604 23:08:46.963"/>
</kw>
<msg timestamp="20230604 23:08:46.964" level="INFO">${response} = None</msg>
<status status="PASS" starttime="20230604 23:08:46.698" endtime="20230604 23:08:46.964"/>
</kw>
<kw name="Check status as 200" library="common_get">
<arg>${response}</arg>
<kw name="Status Should Be" library="RequestsLibrary">
<arg>200</arg>
<arg>${response}</arg>
<doc>Fails if response status code is different than the expected.</doc>
<status status="PASS" starttime="20230604 23:08:46.965" endtime="20230604 23:08:46.965"/>
</kw>
<status status="PASS" starttime="20230604 23:08:46.965" endtime="20230604 23:08:46.965"/>
</kw>
<kw name="Check if &quot;id&quot;: 4 exist and if &quot;id&quot;: 5 doesn't" library="common_get">
<arg>${tc_path}</arg>
<arg>${param_limit}</arg>
<kw name="GET On Session" library="RequestsLibrary">
<var>${response}</var>
<arg>fakeshop_session</arg>
<arg>${tc_path}</arg>
<arg>${param_limit}</arg>
<doc>Sends a GET request on a previously created HTTP Session.</doc>
<msg timestamp="20230604 23:08:47.199" level="INFO">GET Request : url=https://fakestoreapi.com/products?limit=4 
 path_url=/products?limit=4 
 headers={'User-Agent': 'python-requests/2.30.0', 'Accept-Encoding': 'gzip, deflate', 'Accept': '*/*', 'Connection': 'keep-alive'} 
 body=None 
 </msg>
<msg timestamp="20230604 23:08:47.199" level="INFO">GET Response : url=https://fakestoreapi.com/products?limit=4 
 status=200, reason=OK 
 headers={'Date': 'Sun, 04 Jun 2023 20:08:50 GMT', 'Content-Type': 'application/json; charset=utf-8', 'Transfer-Encoding': 'chunked', 'Connection': 'keep-alive', 'Access-Control-Allow-Origin': '*', 'Etag': 'W/"73c-TUQqrPxyv9Gpjayyght5LBvMtiA"', 'X-Powered-By': 'Express', 'CF-Cache-Status': 'DYNAMIC', 'Report-To': '{"endpoints":[{"url":"https:\\/\\/a.nel.cloudflare.com\\/report\\/v3?s=YPJCSgn6FEZRtzS4V2c7CwdBFwPnjyKVonjaCJtgEb2jfrscDUJlTa5H8hai4mtzk3EExeuieAlwsDqw4o%2B%2FpCZfVPjsGi9N%2F3Q84APOP4vvM69If8%2FnZoHFm%2FRGmKqIHGeZ"}],"group":"cf-nel","max_age":604800}', 'NEL': '{"success_fraction":0,"report_to":"cf-nel","max_age":604800}', 'Server': 'cloudflare', 'CF-RAY': '7d22cf600b30313f-SOF', 'Content-Encoding': 'gzip', 'alt-svc': 'h3=":443"; ma=86400'} 
 body=[{"id":1,"title":"Fjallraven - Foldsack No. 1 Backpack, Fits 15 Laptops","price":109.95,"description":"Your perfect pack for everyday use and walks in the forest. Stash your laptop (up to 15 inches) in the padded sleeve, your everyday","category":"men's clothing","image":"https://fakestoreapi.com/img/81fPKd-2AYL._AC_SL1500_.jpg","rating":{"rate":3.9,"count":120}},{"id":2,"title":"Mens Casual Premium Slim Fit T-Shirts ","price":22.3,"description":"Slim-fitting style, contrast raglan long sleeve, three-button henley placket, light weight &amp; soft fabric for breathable and comfortable wearing. And Solid stitched shirts with round neck made for durability and a great fit for casual fashion wear and diehard baseball fans. The Henley style round neckline includes a three-button placket.","category":"men's clothing","image":"https://fakestoreapi.com/img/71-3HjGNDUL._AC_SY879._SX._UX._SY._UY_.jpg","rating":{"rate":4.1,"count":259}},{"id":3,"title":"Mens Cotton Jacket","price":55.99,"description":"great outerwear jackets for Spring/Autumn/Winter, suitable for many occasions, such as working, hiking, camping, mountain/rock climbing, cycling, traveling or other outdoors. Good gift choice for you or your family member. A warm hearted love to Father, husband or son in this thanksgiving or Christmas Day.","category":"men's clothing","image":"https://fakestoreapi.com/img/71li-ujtlUL._AC_UX679_.jpg","rating":{"rate":4.7,"count":500}},{"id":4,"title":"Mens Casual Slim Fit","price":15.99,"description":"The color could be slightly different between on the screen and in practice. / Please note that body builds vary by person, therefore, detailed size information should be reviewed below on the product description.","category":"men's clothing","image":"https://fakestoreapi.com/img/71YXzeOuslL._AC_UY879_.jpg","rating":{"rate":2.1,"count":430}}] 
 </msg>
<msg timestamp="20230604 23:08:47.200" level="INFO">${response} = &lt;Response [200]&gt;</msg>
<status status="PASS" starttime="20230604 23:08:46.966" endtime="20230604 23:08:47.200"/>
</kw>
<kw name="Convert To String" library="BuiltIn">
<var>${body}</var>
<arg>${response.content}</arg>
<doc>Converts the given item to a Unicode string.</doc>
<msg timestamp="20230604 23:08:47.203" level="INFO">${body} = [{"id":1,"title":"Fjallraven - Foldsack No. 1 Backpack, Fits 15 Laptops","price":109.95,"description":"Your perfect pack for everyday use and walks in the forest. Stash your laptop (up to 15 inches) i...</msg>
<status status="PASS" starttime="20230604 23:08:47.200" endtime="20230604 23:08:47.203"/>
</kw>
<kw name="Should Contain" library="BuiltIn">
<arg>${body}</arg>
<arg>"id":4</arg>
<doc>Fails if ``container`` does not contain ``item`` one or more times.</doc>
<status status="PASS" starttime="20230604 23:08:47.204" endtime="20230604 23:08:47.205"/>
</kw>
<kw name="Should Not Contain" library="BuiltIn">
<arg>${body}</arg>
<arg>"id":5</arg>
<doc>Fails if ``container`` contains ``item`` one or more times.</doc>
<status status="PASS" starttime="20230604 23:08:47.205" endtime="20230604 23:08:47.206"/>
</kw>
<status status="PASS" starttime="20230604 23:08:46.966" endtime="20230604 23:08:47.206"/>
</kw>
<doc>Running the GET product request with limit parameter
Keywords located in ../../resources/common_get.resource</doc>
<tag>products</tag>
<status status="PASS" starttime="20230604 23:08:46.696" endtime="20230604 23:08:47.208"/>
</test>
<status status="PASS" starttime="20230604 23:08:46.690" endtime="20230604 23:08:47.211"/>
</suite>
<suite id="s1-s1-s2-s4" name="Tc04 Get Categories" source="C:\Users\nache\PycharmProjects\training_robot\tests\products\tc04_get_categories.robot">
<test id="s1-s1-s2-s4-t1" name="Do a GET all categories" line="17">
<kw name="Create session to the Web Service" library="common_get">
<kw name="Create Session" library="RequestsLibrary">
<arg>fakeshop_session</arg>
<arg>${base_url}</arg>
<arg>verify=true</arg>
<doc>Create Session: create a HTTP session to a server</doc>
<msg timestamp="20230604 23:08:47.234" level="INFO">Creating Session using : alias=fakeshop_session, url=https://fakestoreapi.com, headers={},                     cookies={}, auth=None, timeout=None, proxies=None, verify=True,                     debug=0 </msg>
<status status="PASS" starttime="20230604 23:08:47.233" endtime="20230604 23:08:47.234"/>
</kw>
<status status="PASS" starttime="20230604 23:08:47.233" endtime="20230604 23:08:47.234"/>
</kw>
<kw name="Do GET request on all products" library="common_get">
<var>${response}</var>
<arg>${tc_path}</arg>
<kw name="GET On Session" library="RequestsLibrary">
<arg>fakeshop_session</arg>
<arg>${tc_path}</arg>
<doc>Sends a GET request on a previously created HTTP Session.</doc>
<msg timestamp="20230604 23:08:47.492" level="INFO">GET Request : url=https://fakestoreapi.com/products/categories 
 path_url=/products/categories 
 headers={'User-Agent': 'python-requests/2.30.0', 'Accept-Encoding': 'gzip, deflate', 'Accept': '*/*', 'Connection': 'keep-alive'} 
 body=None 
 </msg>
<msg timestamp="20230604 23:08:47.492" level="INFO">GET Response : url=https://fakestoreapi.com/products/categories 
 status=200, reason=OK 
 headers={'Date': 'Sun, 04 Jun 2023 20:08:50 GMT', 'Content-Type': 'application/json; charset=utf-8', 'Transfer-Encoding': 'chunked', 'Connection': 'keep-alive', 'Access-Control-Allow-Origin': '*', 'Etag': 'W/"3e-cdq81BKoKIRIQmboBVN84Vj+vkM"', 'X-Powered-By': 'Express', 'CF-Cache-Status': 'DYNAMIC', 'Report-To': '{"endpoints":[{"url":"https:\\/\\/a.nel.cloudflare.com\\/report\\/v3?s=f4JX%2BotAex7DfiuAJKdZ0b1WG9ZXzc61vBMjcKi9WslGiqZIQj1hTIMoXp8QbZUuswwU6HY5m%2B7Zjvxz5pTv1nOJSkUqP9gbqRp0yWry%2BI9UGKqmfW73%2BMyrEn6K41zrzElH"}],"group":"cf-nel","max_age":604800}', 'NEL': '{"success_fraction":0,"report_to":"cf-nel","max_age":604800}', 'Server': 'cloudflare', 'CF-RAY': '7d22cf61eff83134-SOF', 'Content-Encoding': 'gzip', 'alt-svc': 'h3=":443"; ma=86400'} 
 body=["electronics","jewelery","men's clothing","women's clothing"] 
 </msg>
<status status="PASS" starttime="20230604 23:08:47.235" endtime="20230604 23:08:47.493"/>
</kw>
<msg timestamp="20230604 23:08:47.493" level="INFO">${response} = None</msg>
<status status="PASS" starttime="20230604 23:08:47.234" endtime="20230604 23:08:47.493"/>
</kw>
<kw name="Check status as 200" library="common_get">
<arg>${response}</arg>
<kw name="Status Should Be" library="RequestsLibrary">
<arg>200</arg>
<arg>${response}</arg>
<doc>Fails if response status code is different than the expected.</doc>
<status status="PASS" starttime="20230604 23:08:47.496" endtime="20230604 23:08:47.497"/>
</kw>
<status status="PASS" starttime="20230604 23:08:47.495" endtime="20230604 23:08:47.498"/>
</kw>
<kw name="Check categories in response body" library="common_get">
<arg>${tc_path}</arg>
<arg>${tc_categ_1}</arg>
<arg>${tc_categ_2}</arg>
<arg>${tc_categ_3}</arg>
<arg>${tc_categ_4}</arg>
<kw name="GET On Session" library="RequestsLibrary">
<var>${response}</var>
<arg>fakeshop_session</arg>
<arg>${tc_path}</arg>
<doc>Sends a GET request on a previously created HTTP Session.</doc>
<msg timestamp="20230604 23:08:47.736" level="INFO">GET Request : url=https://fakestoreapi.com/products/categories 
 path_url=/products/categories 
 headers={'User-Agent': 'python-requests/2.30.0', 'Accept-Encoding': 'gzip, deflate', 'Accept': '*/*', 'Connection': 'keep-alive'} 
 body=None 
 </msg>
<msg timestamp="20230604 23:08:47.736" level="INFO">GET Response : url=https://fakestoreapi.com/products/categories 
 status=200, reason=OK 
 headers={'Date': 'Sun, 04 Jun 2023 20:08:50 GMT', 'Content-Type': 'application/json; charset=utf-8', 'Transfer-Encoding': 'chunked', 'Connection': 'keep-alive', 'Access-Control-Allow-Origin': '*', 'Etag': 'W/"3e-cdq81BKoKIRIQmboBVN84Vj+vkM"', 'X-Powered-By': 'Express', 'CF-Cache-Status': 'DYNAMIC', 'Report-To': '{"endpoints":[{"url":"https:\\/\\/a.nel.cloudflare.com\\/report\\/v3?s=BkpQR04dgPujHPyV6qKlK76yfUjIaOWwVrdSlZ6vsLBj%2BC0np8Mr0PUrBxjr1CYnHAxwCUvC5imhBC3eePeHAkiHgmTHZeNq5QMU7t2MAjfROj%2F0rykz%2FJk9AYD0im0gWBmD"}],"group":"cf-nel","max_age":604800}', 'NEL': '{"success_fraction":0,"report_to":"cf-nel","max_age":604800}', 'Server': 'cloudflare', 'CF-RAY': '7d22cf636a123134-SOF', 'Content-Encoding': 'gzip', 'alt-svc': 'h3=":443"; ma=86400'} 
 body=["electronics","jewelery","men's clothing","women's clothing"] 
 </msg>
<msg timestamp="20230604 23:08:47.736" level="INFO">${response} = &lt;Response [200]&gt;</msg>
<status status="PASS" starttime="20230604 23:08:47.500" endtime="20230604 23:08:47.736"/>
</kw>
<kw name="Convert To String" library="BuiltIn">
<var>${body}</var>
<arg>${response.content}</arg>
<doc>Converts the given item to a Unicode string.</doc>
<msg timestamp="20230604 23:08:47.740" level="INFO">${body} = ["electronics","jewelery","men's clothing","women's clothing"]</msg>
<status status="PASS" starttime="20230604 23:08:47.736" endtime="20230604 23:08:47.741"/>
</kw>
<kw name="Should Contain" library="BuiltIn">
<arg>${body}</arg>
<arg>${tc_categ_1}</arg>
<doc>Fails if ``container`` does not contain ``item`` one or more times.</doc>
<status status="PASS" starttime="20230604 23:08:47.741" endtime="20230604 23:08:47.742"/>
</kw>
<kw name="Should Contain" library="BuiltIn">
<arg>${body}</arg>
<arg>${tc_categ_2}</arg>
<doc>Fails if ``container`` does not contain ``item`` one or more times.</doc>
<status status="PASS" starttime="20230604 23:08:47.742" endtime="20230604 23:08:47.743"/>
</kw>
<kw name="Should Contain" library="BuiltIn">
<arg>${body}</arg>
<arg>${tc_categ_3}</arg>
<doc>Fails if ``container`` does not contain ``item`` one or more times.</doc>
<status status="PASS" starttime="20230604 23:08:47.744" endtime="20230604 23:08:47.744"/>
</kw>
<kw name="Should Contain" library="BuiltIn">
<arg>${body}</arg>
<arg>${tc_categ_4}</arg>
<doc>Fails if ``container`` does not contain ``item`` one or more times.</doc>
<status status="PASS" starttime="20230604 23:08:47.745" endtime="20230604 23:08:47.746"/>
</kw>
<status status="PASS" starttime="20230604 23:08:47.498" endtime="20230604 23:08:47.746"/>
</kw>
<doc>Running the GET all categories request in order
to fetch all the categories. Validation includes:
StatusCode as 200 and some of the categories.
Keywords located in ../../resources/common_get.resource</doc>
<tag>products</tag>
<status status="PASS" starttime="20230604 23:08:47.232" endtime="20230604 23:08:47.747"/>
</test>
<status status="PASS" starttime="20230604 23:08:47.216" endtime="20230604 23:08:47.750"/>
</suite>
<suite id="s1-s1-s2-s5" name="Tc05 Get In Category" source="C:\Users\nache\PycharmProjects\training_robot\tests\products\tc05_get_in_category.robot">
<test id="s1-s1-s2-s5-t1" name="Do GET in category" line="16">
<kw name="Create session to the Web Service" library="common_get">
<kw name="Create Session" library="RequestsLibrary">
<arg>fakeshop_session</arg>
<arg>${base_url}</arg>
<arg>verify=true</arg>
<doc>Create Session: create a HTTP session to a server</doc>
<msg timestamp="20230604 23:08:47.766" level="INFO">Creating Session using : alias=fakeshop_session, url=https://fakestoreapi.com, headers={},                     cookies={}, auth=None, timeout=None, proxies=None, verify=True,                     debug=0 </msg>
<status status="PASS" starttime="20230604 23:08:47.766" endtime="20230604 23:08:47.766"/>
</kw>
<status status="PASS" starttime="20230604 23:08:47.766" endtime="20230604 23:08:47.766"/>
</kw>
<kw name="Do GET request on all products" library="common_get">
<var>${response}</var>
<arg>${tc_path}</arg>
<kw name="GET On Session" library="RequestsLibrary">
<arg>fakeshop_session</arg>
<arg>${tc_path}</arg>
<doc>Sends a GET request on a previously created HTTP Session.</doc>
<msg timestamp="20230604 23:08:48.214" level="INFO">GET Request : url=https://fakestoreapi.com/products/category/jewelery 
 path_url=/products/category/jewelery 
 headers={'User-Agent': 'python-requests/2.30.0', 'Accept-Encoding': 'gzip, deflate', 'Accept': '*/*', 'Connection': 'keep-alive'} 
 body=None 
 </msg>
<msg timestamp="20230604 23:08:48.214" level="INFO">GET Response : url=https://fakestoreapi.com/products/category/jewelery 
 status=200, reason=OK 
 headers={'Date': 'Sun, 04 Jun 2023 20:08:51 GMT', 'Content-Type': 'application/json; charset=utf-8', 'Transfer-Encoding': 'chunked', 'Connection': 'keep-alive', 'Access-Control-Allow-Origin': '*', 'Etag': 'W/"600-TYzZtPQf3JY+/8kxrd+p3oB2PyM"', 'X-Powered-By': 'Express', 'CF-Cache-Status': 'DYNAMIC', 'Report-To': '{"endpoints":[{"url":"https:\\/\\/a.nel.cloudflare.com\\/report\\/v3?s=BSHOUh6aeQeFq4%2FEITfXcZbOhx4AmTnoKAG9jGhEtx%2FDqS7jyhlIrEWXu4z9oEHzfgnD2aTN5NAISA0e%2Ba5Qn%2BZ2T%2Bxe55aqJ9mItrM6jD8HiHDqPAAJ4DLeUu1oMYW27eWd"}],"group":"cf-nel","max_age":604800}', 'NEL': '{"success_fraction":0,"report_to":"cf-nel","max_age":604800}', 'Server': 'cloudflare', 'CF-RAY': '7d22cf653d393134-SOF', 'Content-Encoding': 'gzip', 'alt-svc': 'h3=":443"; ma=86400'} 
 body=[{"id":5,"title":"John Hardy Women's Legends Naga Gold &amp; Silver Dragon Station Chain Bracelet","price":695,"description":"From our Legends Collection, the Naga was inspired by the mythical water dragon that protects the ocean's pearl. Wear facing inward to be bestowed with love and abundance, or outward for protection.","category":"jewelery","image":"https://fakestoreapi.com/img/71pWzhdJNwL._AC_UL640_QL65_ML3_.jpg","rating":{"rate":4.6,"count":400}},{"id":6,"title":"Solid Gold Petite Micropave ","price":168,"description":"Satisfaction Guaranteed. Return or exchange any order within 30 days.Designed and sold by Hafeez Center in the United States. Satisfaction Guaranteed. Return or exchange any order within 30 days.","category":"jewelery","image":"https://fakestoreapi.com/img/61sbMiUnoGL._AC_UL640_QL65_ML3_.jpg","rating":{"rate":3.9,"count":70}},{"id":7,"title":"White Gold Plated Princess","price":9.99,"description":"Classic Created Wedding Engagement Solitaire Diamond Promise Ring for Her. Gifts to spoil your love more for Engagement, Wedding, Anniversary, Valentine's Day...","category":"jewelery","image":"https://fakestoreapi.com/img/71YAIFU48IL._AC_UL640_QL65_ML3_.jpg","rating":{"rate":3,"count":400}},{"id":8,"title":"Pierced Owl Rose Gold Plated Stainless Steel Double","price":10.99,"description":"Rose Gold Plated Double Flared Tunnel Plug Earrings. Made of 316L Stainless Steel","category":"jewelery","image":"https://fakestoreapi.com/img/51UDEzMJVpL._AC_UL640_QL65_ML3_.jpg","rating":{"rate":1.9,"count":100}}] 
 </msg>
<status status="PASS" starttime="20230604 23:08:47.766" endtime="20230604 23:08:48.214"/>
</kw>
<msg timestamp="20230604 23:08:48.215" level="INFO">${response} = None</msg>
<status status="PASS" starttime="20230604 23:08:47.766" endtime="20230604 23:08:48.215"/>
</kw>
<kw name="Check status as 200" library="common_get">
<arg>${response}</arg>
<kw name="Status Should Be" library="RequestsLibrary">
<arg>200</arg>
<arg>${response}</arg>
<doc>Fails if response status code is different than the expected.</doc>
<status status="PASS" starttime="20230604 23:08:48.218" endtime="20230604 23:08:48.218"/>
</kw>
<status status="PASS" starttime="20230604 23:08:48.216" endtime="20230604 23:08:48.218"/>
</kw>
<kw name="Check content in jewelery" library="common_get">
<arg>${tc_path}</arg>
<arg>${tc_title_id_5}</arg>
<arg>${tc_title_id_6}</arg>
<arg>${title_id_7}</arg>
<kw name="GET On Session" library="RequestsLibrary">
<var>${response}</var>
<arg>fakeshop_session</arg>
<arg>${tc_path}</arg>
<doc>Sends a GET request on a previously created HTTP Session.</doc>
<msg timestamp="20230604 23:08:48.618" level="INFO">GET Request : url=https://fakestoreapi.com/products/category/jewelery 
 path_url=/products/category/jewelery 
 headers={'User-Agent': 'python-requests/2.30.0', 'Accept-Encoding': 'gzip, deflate', 'Accept': '*/*', 'Connection': 'keep-alive'} 
 body=None 
 </msg>
<msg timestamp="20230604 23:08:48.618" level="INFO">GET Response : url=https://fakestoreapi.com/products/category/jewelery 
 status=200, reason=OK 
 headers={'Date': 'Sun, 04 Jun 2023 20:08:51 GMT', 'Content-Type': 'application/json; charset=utf-8', 'Transfer-Encoding': 'chunked', 'Connection': 'keep-alive', 'Access-Control-Allow-Origin': '*', 'Etag': 'W/"600-TYzZtPQf3JY+/8kxrd+p3oB2PyM"', 'X-Powered-By': 'Express', 'CF-Cache-Status': 'DYNAMIC', 'Report-To': '{"endpoints":[{"url":"https:\\/\\/a.nel.cloudflare.com\\/report\\/v3?s=3KCJokr9km7uJ6AAZzp12h6Av8GOIyJCqtycr0mT%2Ff4BG7cel4O0vrkw12FYa7PtH9ScLSuMe4LSeLv022Xp1n7WqJ6F%2FicDQf7t0ae8c5L0nZ5yJbDEIqP2hl0bVjxjdhBC"}],"group":"cf-nel","max_age":604800}', 'NEL': '{"success_fraction":0,"report_to":"cf-nel","max_age":604800}', 'Server': 'cloudflare', 'CF-RAY': '7d22cf67e9303134-SOF', 'Content-Encoding': 'gzip', 'alt-svc': 'h3=":443"; ma=86400'} 
 body=[{"id":5,"title":"John Hardy Women's Legends Naga Gold &amp; Silver Dragon Station Chain Bracelet","price":695,"description":"From our Legends Collection, the Naga was inspired by the mythical water dragon that protects the ocean's pearl. Wear facing inward to be bestowed with love and abundance, or outward for protection.","category":"jewelery","image":"https://fakestoreapi.com/img/71pWzhdJNwL._AC_UL640_QL65_ML3_.jpg","rating":{"rate":4.6,"count":400}},{"id":6,"title":"Solid Gold Petite Micropave ","price":168,"description":"Satisfaction Guaranteed. Return or exchange any order within 30 days.Designed and sold by Hafeez Center in the United States. Satisfaction Guaranteed. Return or exchange any order within 30 days.","category":"jewelery","image":"https://fakestoreapi.com/img/61sbMiUnoGL._AC_UL640_QL65_ML3_.jpg","rating":{"rate":3.9,"count":70}},{"id":7,"title":"White Gold Plated Princess","price":9.99,"description":"Classic Created Wedding Engagement Solitaire Diamond Promise Ring for Her. Gifts to spoil your love more for Engagement, Wedding, Anniversary, Valentine's Day...","category":"jewelery","image":"https://fakestoreapi.com/img/71YAIFU48IL._AC_UL640_QL65_ML3_.jpg","rating":{"rate":3,"count":400}},{"id":8,"title":"Pierced Owl Rose Gold Plated Stainless Steel Double","price":10.99,"description":"Rose Gold Plated Double Flared Tunnel Plug Earrings. Made of 316L Stainless Steel","category":"jewelery","image":"https://fakestoreapi.com/img/51UDEzMJVpL._AC_UL640_QL65_ML3_.jpg","rating":{"rate":1.9,"count":100}}] 
 </msg>
<msg timestamp="20230604 23:08:48.618" level="INFO">${response} = &lt;Response [200]&gt;</msg>
<status status="PASS" starttime="20230604 23:08:48.221" endtime="20230604 23:08:48.619"/>
</kw>
<kw name="Convert To String" library="BuiltIn">
<var>${body}</var>
<arg>${response.content}</arg>
<doc>Converts the given item to a Unicode string.</doc>
<msg timestamp="20230604 23:08:48.621" level="INFO">${body} = [{"id":5,"title":"John Hardy Women's Legends Naga Gold &amp; Silver Dragon Station Chain Bracelet","price":695,"description":"From our Legends Collection, the Naga was inspired by the mythical water drago...</msg>
<status status="PASS" starttime="20230604 23:08:48.619" endtime="20230604 23:08:48.621"/>
</kw>
<kw name="Should Contain" library="BuiltIn">
<arg>${body}</arg>
<arg>${tc_title_id_5}</arg>
<doc>Fails if ``container`` does not contain ``item`` one or more times.</doc>
<status status="PASS" starttime="20230604 23:08:48.621" endtime="20230604 23:08:48.622"/>
</kw>
<kw name="Should Contain" library="BuiltIn">
<arg>${body}</arg>
<arg>${tc_title_id_6}</arg>
<doc>Fails if ``container`` does not contain ``item`` one or more times.</doc>
<status status="PASS" starttime="20230604 23:08:48.622" endtime="20230604 23:08:48.622"/>
</kw>
<kw name="Should Contain" library="BuiltIn">
<arg>${body}</arg>
<arg>${tc_title_id_7}</arg>
<doc>Fails if ``container`` does not contain ``item`` one or more times.</doc>
<status status="PASS" starttime="20230604 23:08:48.622" endtime="20230604 23:08:48.622"/>
</kw>
<status status="PASS" starttime="20230604 23:08:48.220" endtime="20230604 23:08:48.622"/>
</kw>
<doc>Running the GET in category request in order
to fetch all details in that category. Validation
includes: StatusCode as 200 and some of the content.
Keywords located in ../../resources/common_get.resource</doc>
<tag>product</tag>
<status status="PASS" starttime="20230604 23:08:47.765" endtime="20230604 23:08:48.623"/>
</test>
<status status="PASS" starttime="20230604 23:08:47.755" endtime="20230604 23:08:48.624"/>
</suite>
<suite id="s1-s1-s2-s6" name="Tc06 Add Product" source="C:\Users\nache\PycharmProjects\training_robot\tests\products\tc06_add_product.robot">
<test id="s1-s1-s2-s6-t1" name="Do a POST request to add a product" line="16">
<kw name="Do POST product request" library="common_post">
<var>${response}</var>
<arg>${title}</arg>
<arg>${price}</arg>
<arg>${description}</arg>
<arg>${category}</arg>
<kw name="Create Dictionary" library="BuiltIn">
<var>${body}</var>
<arg>title=${title}</arg>
<arg>price=${price}</arg>
<arg>description=${description}</arg>
<arg>category=${category}</arg>
<doc>Creates and returns a dictionary based on the given ``items``.</doc>
<msg timestamp="20230604 23:08:48.634" level="INFO">${body} = {'title': 'test-product', 'price': 99.9, 'description': 'test-description', 'category': 'test-category'}</msg>
<status status="PASS" starttime="20230604 23:08:48.633" endtime="20230604 23:08:48.634"/>
</kw>
<kw name="POST" library="RequestsLibrary">
<var>${response}</var>
<arg>url=${base_url_products}</arg>
<arg>json=${body}</arg>
<doc>Sends a POST request.</doc>
<msg timestamp="20230604 23:08:48.900" level="INFO">POST Request : url=https://fakestoreapi.com/products 
 path_url=/products 
 headers={'User-Agent': 'python-requests/2.30.0', 'Accept-Encoding': 'gzip, deflate', 'Accept': '*/*', 'Connection': 'keep-alive', 'Content-Length': '104', 'Content-Type': 'application/json'} 
 body=b'{"title": "test-product", "price": 99.9, "description": "test-description", "category": "test-category"}' 
 </msg>
<msg timestamp="20230604 23:08:48.901" level="INFO">POST Response : url=https://fakestoreapi.com/products 
 status=200, reason=OK 
 headers={'Date': 'Sun, 04 Jun 2023 20:08:51 GMT', 'Content-Type': 'application/json; charset=utf-8', 'Transfer-Encoding': 'chunked', 'Connection': 'keep-alive', 'Access-Control-Allow-Origin': '*', 'Etag': 'W/"69-HXdGncBHq258ZEdzGirrBfFG0xc"', 'X-Powered-By': 'Express', 'CF-Cache-Status': 'DYNAMIC', 'Report-To': '{"endpoints":[{"url":"https:\\/\\/a.nel.cloudflare.com\\/report\\/v3?s=gcF%2FKsDrpVCFNlfGlQJ6eqFgYCYY%2FtRrLeocYu8tr%2F9OkFX0NKClQO%2BuIigE8ZXcHt0AbWIF4%2Bn6XfOf1D1NFd%2FVkkib7ECJWBoQ2P4ZcU75bA6YK9dj7JMHpZoD7nC1Sr83"}],"group":"cf-nel","max_age":604800}', 'NEL': '{"success_fraction":0,"report_to":"cf-nel","max_age":604800}', 'Server': 'cloudflare', 'CF-RAY': '7d22cf6aad88313f-SOF', 'Content-Encoding': 'gzip', 'alt-svc': 'h3=":443"; ma=86400'} 
 body={"id":21,"title":"test-product","price":99.9,"description":"test-description","category":"test-category"} 
 </msg>
<msg timestamp="20230604 23:08:48.901" level="INFO">${response} = &lt;Response [200]&gt;</msg>
<status status="PASS" starttime="20230604 23:08:48.634" endtime="20230604 23:08:48.901"/>
</kw>
<kw name="Log" library="BuiltIn">
<arg>${response.json()}</arg>
<doc>Logs the given message with the given level.</doc>
<msg timestamp="20230604 23:08:48.903" level="INFO">{'id': 21, 'title': 'test-product', 'price': 99.9, 'description': 'test-description', 'category': 'test-category'}</msg>
<status status="PASS" starttime="20230604 23:08:48.901" endtime="20230604 23:08:48.903"/>
</kw>
<msg timestamp="20230604 23:08:48.903" level="INFO">${response} = &lt;Response [200]&gt;</msg>
<status status="PASS" starttime="20230604 23:08:48.633" endtime="20230604 23:08:48.903"/>
</kw>
<kw name="Check status as 200" library="common_post">
<arg>${response}</arg>
<kw name="Status Should Be" library="RequestsLibrary">
<arg>200</arg>
<arg>${response}</arg>
<doc>Fails if response status code is different than the expected.</doc>
<status status="PASS" starttime="20230604 23:08:48.904" endtime="20230604 23:08:48.904"/>
</kw>
<status status="PASS" starttime="20230604 23:08:48.904" endtime="20230604 23:08:48.904"/>
</kw>
<kw name="Validate mapping of parameters" library="common_post">
<arg>${response}</arg>
<arg>${title}</arg>
<arg>${price}</arg>
<arg>${description}</arg>
<arg>${category}</arg>
<kw name="Log" library="BuiltIn">
<arg>${response.json()}</arg>
<doc>Logs the given message with the given level.</doc>
<msg timestamp="20230604 23:08:48.905" level="INFO">{'id': 21, 'title': 'test-product', 'price': 99.9, 'description': 'test-description', 'category': 'test-category'}</msg>
<status status="PASS" starttime="20230604 23:08:48.905" endtime="20230604 23:08:48.905"/>
</kw>
<kw name="Should Be Equal" library="BuiltIn">
<arg>${response.json()}[title]</arg>
<arg>${title}</arg>
<doc>Fails if the given objects are unequal.</doc>
<status status="PASS" starttime="20230604 23:08:48.906" endtime="20230604 23:08:48.906"/>
</kw>
<kw name="Should Be Equal" library="BuiltIn">
<arg>${response.json()}[price]</arg>
<arg>${price}</arg>
<doc>Fails if the given objects are unequal.</doc>
<status status="PASS" starttime="20230604 23:08:48.906" endtime="20230604 23:08:48.907"/>
</kw>
<kw name="Should Be Equal" library="BuiltIn">
<arg>${response.json()}[description]</arg>
<arg>${description}</arg>
<doc>Fails if the given objects are unequal.</doc>
<status status="PASS" starttime="20230604 23:08:48.907" endtime="20230604 23:08:48.908"/>
</kw>
<kw name="Should Be Equal" library="BuiltIn">
<arg>${response.json()}[category]</arg>
<arg>${category}</arg>
<doc>Fails if the given objects are unequal.</doc>
<status status="PASS" starttime="20230604 23:08:48.908" endtime="20230604 23:08:48.909"/>
</kw>
<status status="PASS" starttime="20230604 23:08:48.905" endtime="20230604 23:08:48.909"/>
</kw>
<doc>Running the "Add new product" request.
Validation of returned StatusCode as 200
and check if the parameters are mapped correctly.
Keywords located in ../../resources/common_post.resource</doc>
<tag>products</tag>
<status status="PASS" starttime="20230604 23:08:48.632" endtime="20230604 23:08:48.909"/>
</test>
<status status="PASS" starttime="20230604 23:08:48.625" endtime="20230604 23:08:48.910"/>
</suite>
<status status="PASS" starttime="20230604 23:08:45.611" endtime="20230604 23:08:48.912"/>
</suite>
<status status="PASS" starttime="20230604 23:08:44.922" endtime="20230604 23:08:48.913"/>
</suite>
<status status="PASS" starttime="20230604 23:08:44.902" endtime="20230604 23:08:48.914"/>
</suite>
<statistics>
<total>
<stat pass="7" fail="0" skip="0">All Tests</stat>
</total>
<tag>
<stat pass="1" fail="0" skip="0">login</stat>
<stat pass="1" fail="0" skip="0">product</stat>
<stat pass="5" fail="0" skip="0">products</stat>
</tag>
<suite>
<stat pass="7" fail="0" skip="0" id="s1" name="Training Robot">Training Robot</stat>
<stat pass="7" fail="0" skip="0" id="s1-s1" name="Tests">Training Robot.Tests</stat>
<stat pass="1" fail="0" skip="0" id="s1-s1-s1" name="Login">Training Robot.Tests.Login</stat>
<stat pass="1" fail="0" skip="0" id="s1-s1-s1-s1" name="Tc01 User Login">Training Robot.Tests.Login.Tc01 User Login</stat>
<stat pass="6" fail="0" skip="0" id="s1-s1-s2" name="Products">Training Robot.Tests.Products</stat>
<stat pass="1" fail="0" skip="0" id="s1-s1-s2-s1" name="Tc01 Get All Products">Training Robot.Tests.Products.Tc01 Get All Products</stat>
<stat pass="1" fail="0" skip="0" id="s1-s1-s2-s2" name="Tc02 Get Product Info">Training Robot.Tests.Products.Tc02 Get Product Info</stat>
<stat pass="1" fail="0" skip="0" id="s1-s1-s2-s3" name="Tc03 Limit Results">Training Robot.Tests.Products.Tc03 Limit Results</stat>
<stat pass="1" fail="0" skip="0" id="s1-s1-s2-s4" name="Tc04 Get Categories">Training Robot.Tests.Products.Tc04 Get Categories</stat>
<stat pass="1" fail="0" skip="0" id="s1-s1-s2-s5" name="Tc05 Get In Category">Training Robot.Tests.Products.Tc05 Get In Category</stat>
<stat pass="1" fail="0" skip="0" id="s1-s1-s2-s6" name="Tc06 Add Product">Training Robot.Tests.Products.Tc06 Add Product</stat>
</suite>
</statistics>
<errors>
</errors>
</robot>
