<?xml version="1.0" encoding="UTF-8"?>
<robot generator="Robot 6.0.2 (Python 3.9.13 on win32)" generated="20230604 23:11:21.448" rpa="false" schemaversion="3">
<suite id="s1" name="Tc01 User Login" source="C:\Users\nache\PycharmProjects\training_robot\tests\login\tc01_user_login.robot">
<test id="s1-t1" name="Do a POST user login to get token" line="14">
<kw name="Do a POST user login" library="common_post">
<var>${response}</var>
<arg>${tc_username}</arg>
<arg>${tc_password}</arg>
<kw name="Create Dictionary" library="BuiltIn">
<var>${body}</var>
<arg>username=${tc_username}</arg>
<arg>password=${tc_password}</arg>
<doc>Creates and returns a dictionary based on the given ``items``.</doc>
<msg timestamp="20230604 23:11:21.630" level="INFO">${body} = {'username': 'mor_2314', 'password': '83r5^_'}</msg>
<status status="PASS" starttime="20230604 23:11:21.630" endtime="20230604 23:11:21.631"/>
</kw>
<kw name="POST" library="RequestsLibrary">
<var>${response}</var>
<arg>url=${base_url_login}</arg>
<arg>json=${body}</arg>
<doc>Sends a POST request.</doc>
<msg timestamp="20230604 23:11:22.102" level="INFO">POST Request : url=https://fakestoreapi.com/auth/login 
 path_url=/auth/login 
 headers={'User-Agent': 'python-requests/2.30.0', 'Accept-Encoding': 'gzip, deflate', 'Accept': '*/*', 'Connection': 'keep-alive', 'Content-Length': '46', 'Content-Type': 'application/json'} 
 body=b'{"username": "mor_2314", "password": "83r5^_"}' 
 </msg>
<msg timestamp="20230604 23:11:22.103" level="INFO">POST Response : url=https://fakestoreapi.com/auth/login 
 status=200, reason=OK 
 headers={'Date': 'Sun, 04 Jun 2023 20:11:25 GMT', 'Content-Type': 'application/json; charset=utf-8', 'Transfer-Encoding': 'chunked', 'Connection': 'keep-alive', 'Access-Control-Allow-Origin': '*', 'Etag': 'W/"98-kUrlUPDpFAqKHJ7Zj0q4/5DWDYY"', 'X-Powered-By': 'Express', 'CF-Cache-Status': 'DYNAMIC', 'Report-To': '{"endpoints":[{"url":"https:\\/\\/a.nel.cloudflare.com\\/report\\/v3?s=DpwqI7EpGDn7NO49TXN2Jf3b%2Bu2bmqe1yaWQPmTp7Uax%2B7NTlDlKVgi5PbYDmHJpoH%2BbfmQud8ojqynYTr68u1qGxrQfOhFQ%2FO68qy6dHnlga%2F%2Fa8GMc932eFS5Jwxy8JlUN"}],"group":"cf-nel","max_age":604800}', 'NEL': '{"success_fraction":0,"report_to":"cf-nel","max_age":604800}', 'Server': 'cloudflare', 'CF-RAY': '7d22d3270812313e-SOF', 'Content-Encoding': 'gzip', 'alt-svc': 'h3=":443"; ma=86400'} 
 body={"token":"eyJhbGciOiJIUzI1NiIsInR5cCI6IkpXVCJ9.eyJzdWIiOjIsInVzZXIiOiJtb3JfMjMxNCIsImlhdCI6MTY4NTkwOTQ4NH0.0og9_h8MfFZVlo2Irlgrxb1Yc_5U6dPAOIeUepP67gE"} 
 </msg>
<msg timestamp="20230604 23:11:22.104" level="INFO">${response} = &lt;Response [200]&gt;</msg>
<status status="PASS" starttime="20230604 23:11:21.631" endtime="20230604 23:11:22.105"/>
</kw>
<kw name="Log" library="BuiltIn">
<arg>${response.json()}</arg>
<doc>Logs the given message with the given level.</doc>
<msg timestamp="20230604 23:11:22.106" level="INFO">{'token': 'eyJhbGciOiJIUzI1NiIsInR5cCI6IkpXVCJ9.eyJzdWIiOjIsInVzZXIiOiJtb3JfMjMxNCIsImlhdCI6MTY4NTkwOTQ4NH0.0og9_h8MfFZVlo2Irlgrxb1Yc_5U6dPAOIeUepP67gE'}</msg>
<status status="PASS" starttime="20230604 23:11:22.105" endtime="20230604 23:11:22.106"/>
</kw>
<msg timestamp="20230604 23:11:22.106" level="INFO">${response} = &lt;Response [200]&gt;</msg>
<status status="PASS" starttime="20230604 23:11:21.629" endtime="20230604 23:11:22.106"/>
</kw>
<kw name="Check status as 200" library="common_post">
<arg>${response}</arg>
<kw name="Status Should Be" library="RequestsLibrary">
<arg>200</arg>
<arg>${response}</arg>
<doc>Fails if response status code is different than the expected.</doc>
<status status="PASS" starttime="20230604 23:11:22.107" endtime="20230604 23:11:22.107"/>
</kw>
<status status="PASS" starttime="20230604 23:11:22.106" endtime="20230604 23:11:22.107"/>
</kw>
<kw name="Check for token" library="common_post">
<arg>${response}</arg>
<kw name="Log" library="BuiltIn">
<arg>${response.json()}</arg>
<doc>Logs the given message with the given level.</doc>
<msg timestamp="20230604 23:11:22.108" level="INFO">{'token': 'eyJhbGciOiJIUzI1NiIsInR5cCI6IkpXVCJ9.eyJzdWIiOjIsInVzZXIiOiJtb3JfMjMxNCIsImlhdCI6MTY4NTkwOTQ4NH0.0og9_h8MfFZVlo2Irlgrxb1Yc_5U6dPAOIeUepP67gE'}</msg>
<status status="PASS" starttime="20230604 23:11:22.108" endtime="20230604 23:11:22.108"/>
</kw>
<kw name="Convert To String" library="BuiltIn">
<var>${body}</var>
<arg>${response.content}</arg>
<doc>Converts the given item to a Unicode string.</doc>
<msg timestamp="20230604 23:11:22.109" level="INFO">${body} = {"token":"eyJhbGciOiJIUzI1NiIsInR5cCI6IkpXVCJ9.eyJzdWIiOjIsInVzZXIiOiJtb3JfMjMxNCIsImlhdCI6MTY4NTkwOTQ4NH0.0og9_h8MfFZVlo2Irlgrxb1Yc_5U6dPAOIeUepP67gE"}</msg>
<status status="PASS" starttime="20230604 23:11:22.108" endtime="20230604 23:11:22.109"/>
</kw>
<kw name="Should Contain" library="BuiltIn">
<arg>${body}</arg>
<arg>token</arg>
<doc>Fails if ``container`` does not contain ``item`` one or more times.</doc>
<status status="PASS" starttime="20230604 23:11:22.109" endtime="20230604 23:11:22.109"/>
</kw>
<status status="PASS" starttime="20230604 23:11:22.107" endtime="20230604 23:11:22.109"/>
</kw>
<doc>Run the "auth/login" request to fetch to token.
Keywords located in ../../resources/common_post.resource</doc>
<tag>login</tag>
<status status="PASS" starttime="20230604 23:11:21.628" endtime="20230604 23:11:22.110"/>
</test>
<status status="PASS" starttime="20230604 23:11:21.450" endtime="20230604 23:11:22.110"/>
</suite>
<statistics>
<total>
<stat pass="1" fail="0" skip="0">All Tests</stat>
</total>
<tag>
<stat pass="1" fail="0" skip="0">login</stat>
</tag>
<suite>
<stat pass="1" fail="0" skip="0" id="s1" name="Tc01 User Login">Tc01 User Login</stat>
</suite>
</statistics>
<errors>
</errors>
</robot>
